<?xml version="1.0" encoding="UTF-8"?>
<testsuite xmlns:xsi="http://www.w3.org/2001/XMLSchema-instance" xsi:noNamespaceSchemaLocation="https://maven.apache.org/surefire/maven-surefire-plugin/xsd/surefire-test-report-3.0.xsd" version="3.0" name="com.amazon.buspassmanagement.AppTest" time="0.848" tests="7" errors="0" skipped="0" failures="0">
  <properties>
[...]
</properties>
  <testcase name="testAddFeedback" classname="com.amazon.buspassmanagement.AppTest" time="0.8">
    <system-out><![CDATA[[DB] Driver Loaded Successfully....
DB Configured using File :)
[DB] Connection Created Successfully....
]]></system-out>
  </testcase>
  <testcase name="testApproveRejectPass" classname="com.amazon.buspassmanagement.AppTest" time="0.002"/>
  <testcase name="testAddStop" classname="com.amazon.buspassmanagement.AppTest" time="0.015"/>
  <testcase name="testAddRoute" classname="com.amazon.buspassmanagement.AppTest" time="0.005"/>
  <testcase name="testAdminLogin" classname="com.amazon.buspassmanagement.AppTest" time="0.002"/>
  <testcase name="testUpdateVehicle" classname="com.amazon.buspassmanagement.AppTest" time="0.007"/>
  <testcase name="testUserLogin" classname="com.amazon.buspassmanagement.AppTest" time="0.003"/>
</testsuite>